<?xml version="1.0" encoding="UTF-8"?>
<!-- Generated by org.testng.reporters.JUnitReportReporter -->
<testsuite hostname="Lenovo-PC" name="in.amazon.selenium.testcases.TC003" tests="1" failures="0" timestamp="15 Aug 2019 00:28:19 GMT" time="19.563" errors="0">
  <testcase name="TC003" time="19.563" classname="in.amazon.selenium.testcases.TC003"/>
</testsuite>
