<?xml version="1.0" encoding="UTF-8"?>
<!-- Generated by org.testng.reporters.JUnitReportReporter -->
<testsuite name="in.amazon.selenium.testcases.TC003" tests="1" time="19.246" ignored="0" failures="0" timestamp="14 Aug 2019 00:13:47 GMT" skipped="0" hostname="Lenovo-PC" errors="0">
  <testcase name="TC003" time="19.246" classname="in.amazon.selenium.testcases.TC003"/>
</testsuite> <!-- in.amazon.selenium.testcases.TC003 -->
