<?xml version="1.0" encoding="UTF-8"?>
<!-- Generated by org.testng.reporters.JUnitReportReporter -->
<testsuite name="in.amazon.selenium.testcases.TC001" tests="1" time="42.638" ignored="0" failures="0" timestamp="14 Aug 2019 00:13:47 GMT" skipped="0" hostname="Lenovo-PC" errors="0">
  <testcase name="TC001" time="42.638" classname="in.amazon.selenium.testcases.TC001"/>
</testsuite> <!-- in.amazon.selenium.testcases.TC001 -->
