<?xml version="1.0" encoding="UTF-8"?>
<!-- Generated by org.testng.reporters.JUnitReportReporter -->
<testsuite name="in.amazon.selenium.testcases.TC002" tests="1" time="7.575" ignored="0" failures="0" timestamp="12 Aug 2019 01:11:39 GMT" skipped="0" hostname="Lenovo-PC" errors="0">
  <testcase name="TC002" time="7.575" classname="in.amazon.selenium.testcases.TC002"/>
</testsuite> <!-- in.amazon.selenium.testcases.TC002 -->
